<?xml version="1.0" encoding="UTF-8"?>
<!-- Generated by org.testng.reporters.JUnitXMLReporter -->
<testsuite hostname="samir-pc3" ignored="0" name="Sample Test" tests="1" failures="1" timestamp="24 Jan 2019 13:33:31 GMT" time="1.396" errors="0">
  <testcase name="testApp" time="1.096" classname="com.appium.maven.mobile.hybrid.SampleTest">
    <failure type="java.lang.NoSuchMethodError" message="com.google.common.base.Throwables.throwIfUnchecked(Ljava/lang/Throwable;)V">
      <![CDATA[java.lang.NoSuchMethodError: com.google.common.base.Throwables.throwIfUnchecked(Ljava/lang/Throwable;)V
at io.appium.java_client.remote.AppiumCommandExecutor.execute(AppiumCommandExecutor.java:245)
at org.openqa.selenium.remote.RemoteWebDriver.execute(RemoteWebDriver.java:644)
at io.appium.java_client.DefaultGenericMobileDriver.execute(DefaultGenericMobileDriver.java:42)
at io.appium.java_client.AppiumDriver.execute(AppiumDriver.java:1)
at io.appium.java_client.android.AndroidDriver.execute(AndroidDriver.java:1)
at org.openqa.selenium.remote.RemoteWebDriver.startSession(RemoteWebDriver.java:249)
at org.openqa.selenium.remote.RemoteWebDriver.<init>(RemoteWebDriver.java:131)
at org.openqa.selenium.remote.RemoteWebDriver.<init>(RemoteWebDriver.java:144)
at io.appium.java_client.DefaultGenericMobileDriver.<init>(DefaultGenericMobileDriver.java:38)
at io.appium.java_client.AppiumDriver.<init>(AppiumDriver.java:84)
at io.appium.java_client.AppiumDriver.<init>(AppiumDriver.java:94)
at io.appium.java_client.android.AndroidDriver.<init>(AndroidDriver.java:93)
at com.appium.maven.mobile.hybrid.GenericKeyword.openapp(GenericKeyword.java:62)
at com.appium.maven.mobile.hybrid.Driverscript.executekeyword(Driverscript.java:41)
at com.appium.maven.mobile.hybrid.SampleTest.testApp(SampleTest.java:29)
... Removed 25 stack frames]]>
    </failure>
  </testcase> <!-- testApp -->
</testsuite> <!-- Sample Test -->
